<?xml version="1.0" encoding="UTF-8"?>
<testsuite xmlns:xsi="http://www.w3.org/2001/XMLSchema-instance" xsi:noNamespaceSchemaLocation="https://maven.apache.org/surefire/maven-surefire-plugin/xsd/surefire-test-report-3.0.xsd" version="3.0" name="finance.management.ReportGeneratorTest" time="0.016" tests="2" errors="0" skipped="0" failures="0">
  <properties>
[...]
</properties>
  <testcase name="testGenerateCategoryReport" classname="finance.management.ReportGeneratorTest" time="0.002">
    <system-out><![CDATA[--- Category-wise Expense Report ---
Food: $500.0
]]></system-out>
  </testcase>
  <testcase name="testGenerateMonthlyReport" classname="finance.management.ReportGeneratorTest" time="0.003">
    <system-out><![CDATA[--- Monthly Report ---
Total Income: $2000.0
Total Expenses: $500.0
Savings: $1500.0
]]></system-out>
  </testcase>
</testsuite>