<?xml version="1.0" encoding="UTF-8"?>
<testsuite xmlns:xsi="http://www.w3.org/2001/XMLSchema-instance" xsi:noNamespaceSchemaLocation="https://maven.apache.org/surefire/maven-surefire-plugin/xsd/surefire-test-report-3.0.xsd" version="3.0" name="finance.management.FinanceManagerTest" time="0.11" tests="17" errors="0" skipped="0" failures="0">
  <properties>
[...]
</properties>
  <testcase name="testSavingGoalCompletion" classname="finance.management.FinanceManagerTest" time="0.014">
    <system-out><![CDATA[Added $1000.0 to saving goal: Vacation
]]></system-out>
  </testcase>
  <testcase name="testAddExpenseNegative" classname="finance.management.FinanceManagerTest" time="0.006">
    <system-out><![CDATA[Error: Negative expense is not allowed.
]]></system-out>
  </testcase>
  <testcase name="testAddSavingGoal" classname="finance.management.FinanceManagerTest" time="0.01">
    <system-out><![CDATA[Added $200.0 to saving goal: Vacation Fund
Saving Goal: Vacation Fund
Target Amount: $1000.0
Saved Amount: $200.0
Progress: 20.0%
]]></system-out>
  </testcase>
  <testcase name="testBudgetWarnings" classname="finance.management.FinanceManagerTest" time="0.002">
    <system-out><![CDATA[Expense added: $800.0
Warning: You are nearing your budget limit!
Monthly Budget: 1000.0
Current Expenses: 800.0
]]></system-out>
  </testcase>
  <testcase name="testRemainingBudget" classname="finance.management.FinanceManagerTest" time="0.002">
    <system-out><![CDATA[Expense added: $400.0
Monthly Budget: 1000.0
Current Expenses: 400.0
]]></system-out>
  </testcase>
  <testcase name="testNegativeIncomeNotAllowed" classname="finance.management.FinanceManagerTest" time="0.002">
    <system-out><![CDATA[Error: Negative income is not allowed.
]]></system-out>
  </testcase>
  <testcase name="testUpdateBudget" classname="finance.management.FinanceManagerTest" time="0.007">
    <system-out><![CDATA[Updating budget from 1000.0 to 2000.0
Monthly budget updated to: $2000.0
Monthly Budget: 2000.0
Current Expenses: 0.0
]]></system-out>
  </testcase>
  <testcase name="testAddExpense" classname="finance.management.FinanceManagerTest" time="0.014">
    <system-out><![CDATA[Expense added: $500.0
--- Category-wise Expense Report ---
Housing: $500.0
]]></system-out>
  </testcase>
  <testcase name="testRemoveIncome" classname="finance.management.FinanceManagerTest" time="0.005">
    <system-out><![CDATA[Income added to budget: 500.0
Income with description 'Bonus' removed.
]]></system-out>
  </testcase>
  <testcase name="testModifySavingGoal" classname="finance.management.FinanceManagerTest" time="0.004">
    <system-out><![CDATA[Saving goal 'Car' updated with a new target of $2500.0
]]></system-out>
  </testcase>
  <testcase name="testAddZeroIncome" classname="finance.management.FinanceManagerTest" time="0.003">
    <system-out><![CDATA[Income added to budget: 0.0
]]></system-out>
  </testcase>
  <testcase name="testAddIncome" classname="finance.management.FinanceManagerTest" time="0.001">
    <system-out><![CDATA[Income added to budget: 3000.0
--- Monthly Report ---
Total Income: $3000.0
Total Expenses: $0.0
Savings: $3000.0
]]></system-out>
  </testcase>
  <testcase name="testBudgetExceeded" classname="finance.management.FinanceManagerTest" time="0.001">
    <system-out><![CDATA[Expense added: $1200.0
Warning: You are nearing your budget limit!
]]></system-out>
  </testcase>
  <testcase name="testAddSavingsToNonexistentGoal" classname="finance.management.FinanceManagerTest" time="0.002">
    <system-out><![CDATA[Saving goal not found: Nonexistent Goal
]]></system-out>
  </testcase>
  <testcase name="testAddIncomeNegative" classname="finance.management.FinanceManagerTest" time="0.001">
    <system-out><![CDATA[Error: Negative income is not allowed.
]]></system-out>
  </testcase>
  <testcase name="testRemoveExpense" classname="finance.management.FinanceManagerTest" time="0.004">
    <system-out><![CDATA[Expense added: $300.0
Expense with description 'Internet Bill' removed.
]]></system-out>
  </testcase>
  <testcase name="testIntegrationIncomeAndExpenses" classname="finance.management.FinanceManagerTest" time="0.002">
    <system-out><![CDATA[Updating budget from 1000.0 to 2000.0
Monthly budget updated to: $2000.0
Monthly Budget: 2000.0
Current Expenses: 0.0
Budget after update: 2000.0
Income added to budget: 2000.0
Expense added: $500.0
Monthly Budget: 2000.0
Current Expenses: 500.0
]]></system-out>
  </testcase>
</testsuite>